<?xml version="1.0" encoding="UTF-8"?>
<testsuites tests="3" failures="1" disabled="2" errors="0" timestamp="2019-10-08T17:38:10" time="7.264" name="AllTests">
  <testsuite name="ObjectDetection" tests="3" failures="1" disabled="2" errors="0" time="7.264">
    <testcase name="DISABLED_DetectDog" status="notrun" time="0" classname="ObjectDetection" />
    <testcase name="DetectANYmal" status="run" time="7.264" classname="ObjectDetection">
      <failure message="/home/ksshin/darknet_ros/src/darknet_ros/darknet_ros/test/ObjectDetection.cpp:192&#x0A;Expected: (centerErrorPersonX) &lt; (30), actual: 259.5 vs 30" type=""><![CDATA[/home/ksshin/darknet_ros/src/darknet_ros/darknet_ros/test/ObjectDetection.cpp:192
Expected: (centerErrorPersonX) < (30), actual: 259.5 vs 30]]></failure>
      <failure message="/home/ksshin/darknet_ros/src/darknet_ros/darknet_ros/test/ObjectDetection.cpp:193&#x0A;Expected: (centerErrorPersonY) &lt; (30), actual: 284.5 vs 30" type=""><![CDATA[/home/ksshin/darknet_ros/src/darknet_ros/darknet_ros/test/ObjectDetection.cpp:193
Expected: (centerErrorPersonY) < (30), actual: 284.5 vs 30]]></failure>
    </testcase>
    <testcase name="DISABLED_DetectPerson" status="notrun" time="0" classname="ObjectDetection" />
  </testsuite>
</testsuites>
